<?xml version="1.0" encoding="UTF-8"?>
<!-- Generated by org.testng.reporters.JUnitXMLReporter -->
<testsuite ignored="0" hostname="LAPTOP-TLPNK5VD" failures="0" tests="4" name="Test" time="9.701" errors="0" timestamp="2023-05-23T15:04:38 IST">
  <testcase classname="testClassPackage.Post_TC1" name="execute" time="5.306"/>
  <testcase classname="testClassPackage.Post_TC2" name="execute" time="1.388"/>
  <testcase classname="testClassPackage.Post_TC3" name="execute" time="1.408"/>
  <testcase classname="testClassPackage.Post_TC4" name="execute" time="1.377"/>
</testsuite> <!-- Test -->
