<?xml version="1.0" encoding="UTF-8"?>
<testng-results ignored="0" total="4" passed="4" failed="0" skipped="0">
  <reporter-output>
  </reporter-output>
  <suite started-at="2023-05-23T15:04:28 IST" name="Suite" finished-at="2023-05-23T15:04:38 IST" duration-ms="9701">
    <groups>
    </groups>
    <test started-at="2023-05-23T15:04:28 IST" name="Test" finished-at="2023-05-23T15:04:38 IST" duration-ms="9701">
      <class name="testClassPackage.Post_TC4">
        <test-method signature="execute()[pri:0, instance:testClassPackage.Post_TC4@4a9419d7]" started-at="2023-05-23T15:04:36 IST" name="execute" finished-at="2023-05-23T15:04:38 IST" duration-ms="1377" status="PASS">
          <reporter-output>
          </reporter-output>
        </test-method> <!-- execute -->
      </class> <!-- testClassPackage.Post_TC4 -->
      <class name="testClassPackage.Post_TC2">
        <test-method signature="execute()[pri:0, instance:testClassPackage.Post_TC2@f31c0c6]" started-at="2023-05-23T15:04:34 IST" name="execute" finished-at="2023-05-23T15:04:35 IST" duration-ms="1388" status="PASS">
          <reporter-output>
          </reporter-output>
        </test-method> <!-- execute -->
      </class> <!-- testClassPackage.Post_TC2 -->
      <class name="testClassPackage.Post_TC3">
        <test-method signature="execute()[pri:0, instance:testClassPackage.Post_TC3@b93aad]" started-at="2023-05-23T15:04:35 IST" name="execute" finished-at="2023-05-23T15:04:36 IST" duration-ms="1408" status="PASS">
          <reporter-output>
          </reporter-output>
        </test-method> <!-- execute -->
      </class> <!-- testClassPackage.Post_TC3 -->
      <class name="testClassPackage.Post_TC1">
        <test-method signature="execute()[pri:0, instance:testClassPackage.Post_TC1@560513ce]" started-at="2023-05-23T15:04:28 IST" name="execute" finished-at="2023-05-23T15:04:33 IST" duration-ms="5306" status="PASS">
          <reporter-output>
          </reporter-output>
        </test-method> <!-- execute -->
      </class> <!-- testClassPackage.Post_TC1 -->
    </test> <!-- Test -->
  </suite> <!-- Suite -->
</testng-results>
